1745751410760:help
1745751426516:migrate-class-closing-time
1745751502004:help
1745762613264:migrate-class-closing-time -t 2024-05-08 10:48:37.714379 -c 1
1745762641042:migrate-class-closing-time -d 2024-05-08 10:48:37.714379 -c 1 -s
1745762677865:migrate-class-closing-time -d 2024-05-08 10:48:37.714379 -c 1 -s 2423002
1745762700586:migrate-class-closing-time -d 2024-05-08 10:48:37 -c 1 -s 2423002
1745762745237:Illegal option value '[2024-05-08, 10:48:37]', reason 'Failed to convert from type [java.lang.String] to type [java.time.LocalDateTime] for value [2024-05-08]'
1745762762912:migrate-class-closing-time -d 2024-05-08T10:48:37 -c 1 -s 2423002
1745762918616:migrate-class-closing-time -d 2024-05-08T10:48:37 -c 1
1745763150508:migrate-class-closing-time -d 2025-01-25 23:12:07.333417 -c 1
1745763170710:migrate-class-closing-time -d 2025-01-25 23:12:07 -c 1
1745763193487:migrate-class-closing-time -d 2025-01-25T23:12:07.333417 -c 1
1745763350651:migrate-class-closing-time -d 2025-01-25 23:12:07.333417 -c 1
1745763359879:migrate-class-closing-time -d 2025-01-25T23:12:07.333417 -c 1
1745763385903:migrate-class-closing-time -d 2025-01-25T23:12:07.333417 -c 1migrate-class-closing-time -d 2025-01-25T23:12:07.333417 -c 1
1745774734128:migrate-class-closing-time -s 2025-01-25T22:50:09.349000 -e 2025-03-26T20:04:31.771514 -c 1
1745774791223:help
1745774946099:migration-class-closing-time -s 2025-01-25T22:50:09.349000 -e 2025-03-26T20:04:31.771514 -c 1
1745775005043:elp
1745775006413:help
1745775021997:migrate-class-closing-time -s 2025-01-25T22:50:09.349000 -e 2025-03-26T20:04:31.771514 -c 1
1745826705130:help
1745826741092:migrate-cycle -s 2025-01-25T22:50:09.349195 -e 2025-03-26T20:04:31.771514
1745835507477:help
1745835556364:migrate-cycle -s 2025-01-25T22:50:09.349195 -e 2025-03-26T20:04:31.771514
1745840987388:help
1745841054607:migrate-cycle -s 2025-01-25T22:50:09.349195 -e 2025-04-27T16:15:06.213645
1745841214756:help
1745841240123:migrate-cycle -s 2025-03-10T18:08:07.607321 -e 2025-04-27T16:15:06.213645
1745928859758:help
1745928898613:migrate-class-closing-time -s 2025-01-25T22:50:09.349195 -e 2025-04-27T16:15:06.213645 -c 1
1745928908626:help
1745928924447:migrate-cycle -s 2025-01-25T22:50:09.349195 -e 2025-04-27 16:15:06.213645
1745928933714:migrate-cycle -s 2025-01-25T22:50:09.349195 -e 2025-04-27T16:15:06.213645
1745928972222:help
1745928997564:migrate-cycle -s 2025-01-25T23:12:07.333417 -e 2025-04-27T16:15:06.213645
1745929381165:help
1745929413006:migrate-class-closing-time -s 2025-01-25T22:50:09.349195 -e 2025-04-27T16:15:06.213645 -c 1
1745929416879:help
1745929434665:migrate-cycle -s 2025-01-25T22:50:09.349195 -e 2025-04-27T16:15:06.213645
1745929461246:help
1745929479230:migrate-cycle -s 2025-03-10T18:08:07.607321 -e 2025-04-27T16:15:06.213645
1746007582873:help
1746007605033:migrate-cycle -s 2025-04-27T23:25:31.806404 -e 2025-04-30T13:20:59.096993
1746040224828:help
1746116758166:migrate-class-closing-time
1746116805379:migrate-class-closing-time -s 2025-01-25T22:50:09.349195 -e 2025-05-01T22:58:47.299891 -c 1
1746116829701:help
1746116846729:migrate-cycle -s 2025-01-25T22:50:09.349195 -e 2025-05-01T22:58:47.299891
1746116893111:help
1746116910769:migrate-cycle -s 2025-03-10T18:08:07.607321 -e 2025-05-01T22:58:47.299891
1746117068723:help
1746117088651:migrate-cycle -s 2025-01-25T22:50:09.349195 -e 2025-05-01T22:58:47.299891
1746117439822:help
